GMVAE (
  (x_encoder): EncoderRNN(
    (input_dropout): Dropout(p=0, inplace=False)
    (rnn): GRU(100, 64, batch_first=True, dropout=0.3, bidirectional=True)
  ), parameters=63744
  (decoder): DecoderRNN(
    (input_dropout): Dropout(p=0.3, inplace=False)
    (rnn): GRU(64, 64, batch_first=True, dropout=0.3)
    (project): Linear(in_features=64, out_features=2, bias=True)
  ), parameters=25090
  (q_y_mean): Linear(in_features=128, out_features=10, bias=True), parameters=1290
  (q_y_logvar): Linear(in_features=128, out_features=10, bias=True), parameters=1290
  (post_c): Sequential (
    (0): Linear(in_features=128, out_features=128, bias=True), weights=((128, 128), (128,)), parameters=16512
    (1): ReLU(), weights=(), parameters=0
    (2): Linear(in_features=128, out_features=40, bias=True), weights=((40, 128), (40,)), parameters=5160
  ) Total Parameters=21672, parameters=21672
  (dec_init_connector): LinearConnector(
    (linear): Linear(in_features=10, out_features=64, bias=False)
  ), parameters=640
  (firing_rate): Linear(in_features=2, out_features=100, bias=True), parameters=300
  (cat_connector): GumbelConnector(), parameters=0
  (mse_loss): TimeSeriesLossMSE(
    (mse_loss): MSELoss()
  ), parameters=0
  (cat_kl_loss): CatKLLoss(), parameters=0
) Total Parameters=114026
**** Training Begins ****
**** Epoch 0/50 ****
Flush previous valid loss
Recovering the learning rate to 0.001
Load previous best model
500/2000-(0.000): Train nll 14845.223 PPL inf agg_ckl 0.058 mi 0.001 zkl 0.067 dispersion 4.291 real_zkl 4.358 real_ckl 0.059 elbo 14849.639 param_var 34.450
1000/2000-(0.000): Train nll 14852.333 PPL inf agg_ckl 0.004 mi 0.000 zkl 0.001 dispersion 1.060 real_zkl 1.061 real_ckl 0.004 elbo 14853.398 param_var 7.146
1500/2000-(0.000): Train nll 14848.304 PPL inf agg_ckl 0.000 mi 0.000 zkl 0.000 dispersion 0.116 real_zkl 0.117 real_ckl 0.000 elbo 14848.421 param_var 1.055
2000/2000-(0.000): Train nll 14844.841 PPL inf agg_ckl 0.000 mi -0.000 zkl 0.000 dispersion 0.004 real_zkl 0.005 real_ckl 0.000 elbo 14844.845 param_var 0.068

=== Evaluating Model ===
Train nll 14847.675 PPL inf agg_ckl 0.016 mi 0.000 zkl 0.017 dispersion 1.368 real_zkl 1.385 real_ckl 0.016 elbo 14849.076 param_var 10.680
