GMVAE (
  (x_encoder): EncoderRNN(
    (input_dropout): Dropout(p=0, inplace=False)
    (rnn): GRU(100, 64, batch_first=True, dropout=0.3, bidirectional=True)
  ), parameters=63744
  (decoder): DecoderRNN(
    (input_dropout): Dropout(p=0.3, inplace=False)
    (rnn): GRU(64, 64, batch_first=True, dropout=0.3)
    (project): Linear(in_features=64, out_features=2, bias=True)
  ), parameters=25090
  (q_y_mean): Linear(in_features=128, out_features=10, bias=True), parameters=1290
  (q_y_logvar): Linear(in_features=128, out_features=10, bias=True), parameters=1290
  (post_c): Sequential (
    (0): Linear(in_features=128, out_features=128, bias=True), weights=((128, 128), (128,)), parameters=16512
    (1): ReLU(), weights=(), parameters=0
    (2): Linear(in_features=128, out_features=40, bias=True), weights=((40, 128), (40,)), parameters=5160
  ) Total Parameters=21672, parameters=21672
  (dec_init_connector): LinearConnector(
    (linear): Linear(in_features=10, out_features=64, bias=False)
  ), parameters=640
  (firing_rate): Linear(in_features=2, out_features=100, bias=True), parameters=300
  (cat_connector): GumbelConnector(), parameters=0
  (mse_loss): TimeSeriesLossMSE(
    (mse_loss): MSELoss()
  ), parameters=0
  (cat_kl_loss): CatKLLoss(), parameters=0
) Total Parameters=114026
**** Training Begins ****
**** Epoch 0/50 ****
Flush previous valid loss
Recovering the learning rate to 0.001
Load previous best model
500/2000-(0.000): Train nll 14548.762 PPL inf agg_ckl 0.132 mi 0.001 zkl 0.069 dispersion 4.219 real_zkl 4.289 real_ckl 0.133 elbo 14553.184 param_var 56.291
1000/2000-(0.000): Train nll 14547.974 PPL inf agg_ckl 0.020 mi 0.000 zkl 0.001 dispersion 1.237 real_zkl 1.238 real_ckl 0.020 elbo 14549.232 param_var 19.807
1500/2000-(0.000): Train nll 14548.109 PPL inf agg_ckl 0.001 mi 0.000 zkl 0.000 dispersion 0.203 real_zkl 0.203 real_ckl 0.001 elbo 14548.313 param_var 3.256
2000/2000-(0.000): Train nll 14550.435 PPL inf agg_ckl 0.000 mi 0.000 zkl 0.000 dispersion 0.013 real_zkl 0.014 real_ckl 0.000 elbo 14550.449 param_var 0.242

=== Evaluating Model ===
Train nll 14548.820 PPL inf agg_ckl 0.038 mi 0.000 zkl 0.018 dispersion 1.418 real_zkl 1.436 real_ckl 0.039 elbo 14550.294 param_var 19.899
