GMVAE (
  (x_encoder): EncoderRNN(
    (input_dropout): Dropout(p=0, inplace=False)
    (rnn): GRU(100, 64, batch_first=True, dropout=0.3, bidirectional=True)
  ), parameters=63744
  (decoder): DecoderRNN(
    (input_dropout): Dropout(p=0.3, inplace=False)
    (rnn): GRU(64, 64, batch_first=True, dropout=0.3)
    (project): Linear(in_features=64, out_features=2, bias=True)
  ), parameters=25090
  (q_y_mean): Linear(in_features=128, out_features=10, bias=True), parameters=1290
  (q_y_logvar): Linear(in_features=128, out_features=10, bias=True), parameters=1290
  (post_c): Sequential (
    (0): Linear(in_features=128, out_features=128, bias=True), weights=((128, 128), (128,)), parameters=16512
    (1): ReLU(), weights=(), parameters=0
    (2): Linear(in_features=128, out_features=40, bias=True), weights=((40, 128), (40,)), parameters=5160
  ) Total Parameters=21672, parameters=21672
  (dec_init_connector): LinearConnector(
    (linear): Linear(in_features=10, out_features=64, bias=False)
  ), parameters=640
  (firing_rate): Linear(in_features=2, out_features=100, bias=True), parameters=300
  (cat_connector): GumbelConnector(), parameters=0
  (mse_loss): TimeSeriesLossMSE(
    (mse_loss): MSELoss()
  ), parameters=0
  (cat_kl_loss): CatKLLoss(), parameters=0
) Total Parameters=114026
**** Training Begins ****
**** Epoch 0/50 ****
Flush previous valid loss
Recovering the learning rate to 0.001
Load previous best model
500/2000-(0.000): Train nll 14798.939 PPL inf agg_ckl 0.128 mi 0.001 zkl 0.052 dispersion 4.746 real_zkl 4.798 real_ckl 0.129 elbo 14803.866 param_var 46.563
1000/2000-(0.000): Train nll 14803.260 PPL inf agg_ckl 0.010 mi 0.000 zkl 0.001 dispersion 1.332 real_zkl 1.332 real_ckl 0.010 elbo 14804.602 param_var 8.009
1500/2000-(0.000): Train nll 14802.500 PPL inf agg_ckl 0.000 mi 0.000 zkl 0.000 dispersion 0.173 real_zkl 0.174 real_ckl 0.000 elbo 14802.674 param_var 0.649
2000/2000-(0.000): Train nll 14805.090 PPL inf agg_ckl 0.000 mi 0.000 zkl 0.000 dispersion 0.005 real_zkl 0.005 real_ckl 0.000 elbo 14805.094 param_var 0.024

=== Evaluating Model ===
Train nll 14802.447 PPL inf agg_ckl 0.035 mi 0.000 zkl 0.013 dispersion 1.564 real_zkl 1.577 real_ckl 0.035 elbo 14804.059 param_var 13.811
