GMVAE (
  (x_encoder): EncoderRNN(
    (input_dropout): Dropout(p=0, inplace=False)
    (rnn): GRU(100, 64, batch_first=True, dropout=0.3, bidirectional=True)
  ), parameters=63744
  (decoder): DecoderRNN(
    (input_dropout): Dropout(p=0.3, inplace=False)
    (rnn): GRU(140, 64, batch_first=True, dropout=0.3)
    (project): Linear(in_features=64, out_features=100, bias=True)
  ), parameters=46052
  (q_y_mean): Linear(in_features=128, out_features=40, bias=True), parameters=5160
  (q_y_logvar): Linear(in_features=128, out_features=40, bias=True), parameters=5160
  (post_c): Sequential (
    (0): Linear(in_features=128, out_features=128, bias=True), weights=((128, 128), (128,)), parameters=16512
    (1): ReLU(), weights=(), parameters=0
    (2): Linear(in_features=128, out_features=100, bias=True), weights=((100, 128), (100,)), parameters=12900
  ) Total Parameters=29412, parameters=29412
  (dec_init_connector): LinearConnector(
    (linear): Linear(in_features=40, out_features=64, bias=False)
  ), parameters=2560
  (firing_rate): Linear(in_features=100, out_features=100, bias=True), parameters=10100
  (cat_connector): GumbelConnector(), parameters=0
  (nll_loss): TimeSeriesNLLLoss(
    (nll_loss): NLLLoss()
  ), parameters=0
  (cat_kl_loss): CatKLLoss(), parameters=0
) Total Parameters=162188
**** Training Begins ****
**** Epoch 0/50 ****
