GMVAE (
  (x_encoder): EncoderRNN(
    (input_dropout): Dropout(p=0, inplace=False)
    (rnn): GRU(100, 64, batch_first=True, dropout=0.3, bidirectional=True)
  ), parameters=63744
  (decoder): DecoderRNN(
    (input_dropout): Dropout(p=0.3, inplace=False)
    (rnn): GRU(64, 64, batch_first=True, dropout=0.3)
    (project): Linear(in_features=64, out_features=2, bias=True)
  ), parameters=25090
  (q_y_mean): Linear(in_features=128, out_features=10, bias=True), parameters=1290
  (q_y_logvar): Linear(in_features=128, out_features=10, bias=True), parameters=1290
  (post_c): Sequential (
    (0): Linear(in_features=128, out_features=128, bias=True), weights=((128, 128), (128,)), parameters=16512
    (1): ReLU(), weights=(), parameters=0
    (2): Linear(in_features=128, out_features=40, bias=True), weights=((40, 128), (40,)), parameters=5160
  ) Total Parameters=21672, parameters=21672
  (dec_init_connector): LinearConnector(
    (linear): Linear(in_features=10, out_features=64, bias=False)
  ), parameters=640
  (firing_rate): Linear(in_features=2, out_features=100, bias=True), parameters=300
  (cat_connector): GumbelConnector(), parameters=0
  (mse_loss): TimeSeriesLossMSE(
    (mse_loss): MSELoss()
  ), parameters=0
  (cat_kl_loss): CatKLLoss(), parameters=0
) Total Parameters=114026
**** Training Begins ****
**** Epoch 0/50 ****
Flush previous valid loss
Recovering the learning rate to 0.001
Load previous best model
500/2000-(0.000): Train nll 14940.810 PPL inf agg_ckl 0.065 mi 0.001 zkl 0.045 dispersion 4.301 real_zkl 4.346 real_ckl 0.066 elbo 14945.222 param_var 22.205
1000/2000-(0.000): Train nll 14939.299 PPL inf agg_ckl 0.004 mi 0.000 zkl 0.000 dispersion 1.028 real_zkl 1.029 real_ckl 0.004 elbo 14940.332 param_var 4.386
1500/2000-(0.000): Train nll 14938.945 PPL inf agg_ckl 0.000 mi 0.000 zkl 0.000 dispersion 0.081 real_zkl 0.081 real_ckl 0.000 elbo 14939.026 param_var 0.287
2000/2000-(0.000): Train nll 14934.125 PPL inf agg_ckl 0.000 mi 0.000 zkl 0.000 dispersion 0.001 real_zkl 0.001 real_ckl 0.000 elbo 14934.126 param_var 0.002

=== Evaluating Model ===
Train nll 14938.295 PPL inf agg_ckl 0.017 mi 0.000 zkl 0.011 dispersion 1.353 real_zkl 1.364 real_ckl 0.018 elbo 14939.677 param_var 6.720
